> Task :compileJava UP-TO-DATE
> Task :processResources UP-TO-DATE
> Task :classes UP-TO-DATE
> Task :resolveMainClassName UP-TO-DATE

> Task :bootRun

  .   ____          _            __ _ _
 /\\ / ___'_ __ _ _(_)_ __  __ _ \ \ \ \
( ( )\___ | '_ | '_| | '_ \/ _` | \ \ \ \
 \\/  ___)| |_)| | | | | || (_| |  ) ) ) )
  '  |____| .__|_| |_|_| |_\__, | / / / /
 =========|_|==============|___/=/_/_/_/

[32m :: Spring Boot :: [39m              [2m (v3.5.3)[0;39m

[2m2025-07-22T17:11:52.978+09:00[0;39m [32m INFO[0;39m [35m90979[0;39m [2m--- [           main] [0;39m[36mc.baro13.readfast.ReadFastApplication   [0;39m [2m:[0;39m Starting ReadFastApplication using Java 17.0.9 with PID 90979 (/Users/seongmin/project/ReadFast/build/classes/java/main started by seongmin in /Users/seongmin/project/ReadFast)
[2m2025-07-22T17:11:52.979+09:00[0;39m [32m INFO[0;39m [35m90979[0;39m [2m--- [           main] [0;39m[36mc.baro13.readfast.ReadFastApplication   [0;39m [2m:[0;39m The following 1 profile is active: "local"
[2m2025-07-22T17:11:53.270+09:00[0;39m [32m INFO[0;39m [35m90979[0;39m [2m--- [           main] [0;39m[36m.s.d.r.c.RepositoryConfigurationDelegate[0;39m [2m:[0;39m Multiple Spring Data modules found, entering strict repository configuration mode
[2m2025-07-22T17:11:53.270+09:00[0;39m [32m INFO[0;39m [35m90979[0;39m [2m--- [           main] [0;39m[36m.s.d.r.c.RepositoryConfigurationDelegate[0;39m [2m:[0;39m Bootstrapping Spring Data JPA repositories in DEFAULT mode.
[2m2025-07-22T17:11:53.334+09:00[0;39m [32m INFO[0;39m [35m90979[0;39m [2m--- [           main] [0;39m[36m.s.d.r.c.RepositoryConfigurationDelegate[0;39m [2m:[0;39m Finished Spring Data repository scanning in 60 ms. Found 2 JPA repository interfaces.
[2m2025-07-22T17:11:53.340+09:00[0;39m [32m INFO[0;39m [35m90979[0;39m [2m--- [           main] [0;39m[36m.s.d.r.c.RepositoryConfigurationDelegate[0;39m [2m:[0;39m Multiple Spring Data modules found, entering strict repository configuration mode
[2m2025-07-22T17:11:53.341+09:00[0;39m [32m INFO[0;39m [35m90979[0;39m [2m--- [           main] [0;39m[36m.s.d.r.c.RepositoryConfigurationDelegate[0;39m [2m:[0;39m Bootstrapping Spring Data Redis repositories in DEFAULT mode.
[2m2025-07-22T17:11:53.347+09:00[0;39m [32m INFO[0;39m [35m90979[0;39m [2m--- [           main] [0;39m[36m.RepositoryConfigurationExtensionSupport[0;39m [2m:[0;39m Spring Data Redis - Could not safely identify store assignment for repository candidate interface com.baro13.readfast.admin.authlog.adapter.out.db.jpa.ArchiveMetadataJpaRepository; If you want this repository to be a Redis repository, consider annotating your entities with one of these annotations: org.springframework.data.redis.core.RedisHash (preferred), or consider extending one of the following types with your repository: org.springframework.data.keyvalue.repository.KeyValueRepository
[2m2025-07-22T17:11:53.347+09:00[0;39m [32m INFO[0;39m [35m90979[0;39m [2m--- [           main] [0;39m[36m.RepositoryConfigurationExtensionSupport[0;39m [2m:[0;39m Spring Data Redis - Could not safely identify store assignment for repository candidate interface com.baro13.readfast.admin.policy.adapter.out.jpa.DataRetentionPolicyJpaRepository; If you want this repository to be a Redis repository, consider annotating your entities with one of these annotations: org.springframework.data.redis.core.RedisHash (preferred), or consider extending one of the following types with your repository: org.springframework.data.keyvalue.repository.KeyValueRepository
[2m2025-07-22T17:11:53.347+09:00[0;39m [32m INFO[0;39m [35m90979[0;39m [2m--- [           main] [0;39m[36m.s.d.r.c.RepositoryConfigurationDelegate[0;39m [2m:[0;39m Finished Spring Data repository scanning in 3 ms. Found 0 Redis repository interfaces.
[2m2025-07-22T17:11:53.590+09:00[0;39m [32m INFO[0;39m [35m90979[0;39m [2m--- [           main] [0;39m[36mo.s.b.w.embedded.tomcat.TomcatWebServer [0;39m [2m:[0;39m Tomcat initialized with port 8080 (http)
[2m2025-07-22T17:11:53.596+09:00[0;39m [32m INFO[0;39m [35m90979[0;39m [2m--- [           main] [0;39m[36mo.apache.catalina.core.StandardService  [0;39m [2m:[0;39m Starting service [Tomcat]
[2m2025-07-22T17:11:53.596+09:00[0;39m [32m INFO[0;39m [35m90979[0;39m [2m--- [           main] [0;39m[36mo.apache.catalina.core.StandardEngine   [0;39m [2m:[0;39m Starting Servlet engine: [Apache Tomcat/10.1.42]
[2m2025-07-22T17:11:53.617+09:00[0;39m [32m INFO[0;39m [35m90979[0;39m [2m--- [           main] [0;39m[36mo.a.c.c.C.[Tomcat].[localhost].[/]      [0;39m [2m:[0;39m Initializing Spring embedded WebApplicationContext
[2m2025-07-22T17:11:53.617+09:00[0;39m [32m INFO[0;39m [35m90979[0;39m [2m--- [           main] [0;39m[36mw.s.c.ServletWebServerApplicationContext[0;39m [2m:[0;39m Root WebApplicationContext: initialization completed in 621 ms
[2m2025-07-22T17:11:53.666+09:00[0;39m [32m INFO[0;39m [35m90979[0;39m [2m--- [           main] [0;39m[36mcom.zaxxer.hikari.HikariDataSource      [0;39m [2m:[0;39m ReadFastHikariPool - Starting...
[2m2025-07-22T17:11:53.739+09:00[0;39m [32m INFO[0;39m [35m90979[0;39m [2m--- [           main] [0;39m[36mcom.zaxxer.hikari.pool.HikariPool       [0;39m [2m:[0;39m ReadFastHikariPool - Added connection com.mysql.cj.jdbc.ConnectionImpl@5e68be2
[2m2025-07-22T17:11:53.740+09:00[0;39m [32m INFO[0;39m [35m90979[0;39m [2m--- [           main] [0;39m[36mcom.zaxxer.hikari.HikariDataSource      [0;39m [2m:[0;39m ReadFastHikariPool - Start completed.
[2m2025-07-22T17:11:53.771+09:00[0;39m [32m INFO[0;39m [35m90979[0;39m [2m--- [           main] [0;39m[36mo.hibernate.jpa.internal.util.LogHelper [0;39m [2m:[0;39m HHH000204: Processing PersistenceUnitInfo [name: default]
[2m2025-07-22T17:11:53.788+09:00[0;39m [32m INFO[0;39m [35m90979[0;39m [2m--- [           main] [0;39m[36morg.hibernate.Version                   [0;39m [2m:[0;39m HHH000412: Hibernate ORM core version 6.6.18.Final
[2m2025-07-22T17:11:53.798+09:00[0;39m [32m INFO[0;39m [35m90979[0;39m [2m--- [           main] [0;39m[36mo.h.c.internal.RegionFactoryInitiator   [0;39m [2m:[0;39m HHH000026: Second-level cache disabled
[2m2025-07-22T17:11:53.896+09:00[0;39m [32m INFO[0;39m [35m90979[0;39m [2m--- [           main] [0;39m[36mo.s.o.j.p.SpringPersistenceUnitInfo     [0;39m [2m:[0;39m No LoadTimeWeaver setup: ignoring JPA class transformer
[2m2025-07-22T17:11:53.926+09:00[0;39m [33m WARN[0;39m [35m90979[0;39m [2m--- [           main] [0;39m[36morg.hibernate.orm.deprecation           [0;39m [2m:[0;39m HHH90000025: MySQL8Dialect does not need to be specified explicitly using 'hibernate.dialect' (remove the property setting and it will be selected by default)
[2m2025-07-22T17:11:53.926+09:00[0;39m [33m WARN[0;39m [35m90979[0;39m [2m--- [           main] [0;39m[36morg.hibernate.orm.deprecation           [0;39m [2m:[0;39m HHH90000026: MySQL8Dialect has been deprecated; use org.hibernate.dialect.MySQLDialect instead
[2m2025-07-22T17:11:53.931+09:00[0;39m [32m INFO[0;39m [35m90979[0;39m [2m--- [           main] [0;39m[36morg.hibernate.orm.connections.pooling   [0;39m [2m:[0;39m HHH10001005: Database info:
	Database JDBC URL [Connecting through datasource 'HikariDataSource (ReadFastHikariPool)']
	Database driver: undefined/unknown
	Database version: 8.0
	Autocommit mode: undefined/unknown
	Isolation level: undefined/unknown
	Minimum pool size: undefined/unknown
	Maximum pool size: undefined/unknown
[2m2025-07-22T17:11:54.259+09:00[0;39m [32m INFO[0;39m [35m90979[0;39m [2m--- [           main] [0;39m[36mo.h.e.t.j.p.i.JtaPlatformInitiator      [0;39m [2m:[0;39m HHH000489: No JTA platform available (set 'hibernate.transaction.jta.platform' to enable JTA platform integration)
[2m2025-07-22T17:11:54.290+09:00[0;39m [32m INFO[0;39m [35m90979[0;39m [2m--- [           main] [0;39m[36mj.LocalContainerEntityManagerFactoryBean[0;39m [2m:[0;39m Initialized JPA EntityManagerFactory for persistence unit 'default'
[2m2025-07-22T17:11:54.449+09:00[0;39m [32m INFO[0;39m [35m90979[0;39m [2m--- [           main] [0;39m[36mo.s.d.j.r.query.QueryEnhancerFactory    [0;39m [2m:[0;39m Hibernate is in classpath; If applicable, HQL parser will be used.
[2m2025-07-22T17:11:54.728+09:00[0;39m [33m WARN[0;39m [35m90979[0;39m [2m--- [           main] [0;39m[36mJpaBaseConfiguration$JpaWebConfiguration[0;39m [2m:[0;39m spring.jpa.open-in-view is enabled by default. Therefore, database queries may be performed during view rendering. Explicitly configure spring.jpa.open-in-view to disable this warning
[2m2025-07-22T17:11:55.044+09:00[0;39m [32m INFO[0;39m [35m90979[0;39m [2m--- [           main] [0;39m[36mo.s.b.w.embedded.tomcat.TomcatWebServer [0;39m [2m:[0;39m Tomcat started on port 8080 (http) with context path '/'
[2m2025-07-22T17:11:55.051+09:00[0;39m [32m INFO[0;39m [35m90979[0;39m [2m--- [           main] [0;39m[36mc.baro13.readfast.ReadFastApplication   [0;39m [2m:[0;39m Started ReadFastApplication in 2.242 seconds (process running for 2.36)
[2m2025-07-22T17:11:55.052+09:00[0;39m [32m INFO[0;39m [35m90979[0;39m [2m--- [           main] [0;39m[36mo.s.b.a.b.JobLauncherApplicationRunner  [0;39m [2m:[0;39m Running default command line with: []
[2m2025-07-22T17:12:13.896+09:00[0;39m [32m INFO[0;39m [35m90979[0;39m [2m--- [nio-8080-exec-1] [0;39m[36mo.a.c.c.C.[Tomcat].[localhost].[/]      [0;39m [2m:[0;39m Initializing Spring DispatcherServlet 'dispatcherServlet'
[2m2025-07-22T17:12:13.897+09:00[0;39m [32m INFO[0;39m [35m90979[0;39m [2m--- [nio-8080-exec-1] [0;39m[36mo.s.web.servlet.DispatcherServlet       [0;39m [2m:[0;39m Initializing Servlet 'dispatcherServlet'
[2m2025-07-22T17:12:13.898+09:00[0;39m [32m INFO[0;39m [35m90979[0;39m [2m--- [nio-8080-exec-1] [0;39m[36mo.s.web.servlet.DispatcherServlet       [0;39m [2m:[0;39m Completed initialization in 1 ms
[2m2025-07-22T17:12:13.911+09:00[0;39m [32m INFO[0;39m [35m90979[0;39m [2m--- [nio-8080-exec-1] [0;39m[36mc.b.r.a.a.a.i.c.AuthLogController       [0;39m [2m:[0;39m 수동 아카이빙 배치 실행 요청
[2m2025-07-22T17:12:13.911+09:00[0;39m [32m INFO[0;39m [35m90979[0;39m [2m--- [nio-8080-exec-1] [0;39m[36mc.b.r.a.a.a.in.ArchivingService         [0;39m [2m:[0;39m 아카이빙 배치 서비스 실행 시작
Hibernate: 
    select
        drpe1_0.policy_id,
        drpe1_0.archive_base_path,
        drpe1_0.archive_format,
        drpe1_0.batch_size,
        drpe1_0.compression_type,
        drpe1_0.db_retention_days,
        drpe1_0.enable_data_deletion,
        drpe1_0.total_retention_days 
    from
        data_retention_policy drpe1_0 
    where
        drpe1_0.policy_id=?
[2m2025-07-22T17:12:13.945+09:00[0;39m [32m INFO[0;39m [35m90979[0;39m [2m--- [nio-8080-exec-1] [0;39m[36mc.b.r.a.a.a.o.batch.BatchExecutionImpl  [0;39m [2m:[0;39m 아카이빙 배치 시작
[2m2025-07-22T17:12:13.945+09:00[0;39m [32m INFO[0;39m [35m90979[0;39m [2m--- [nio-8080-exec-1] [0;39m[36mc.b.r.a.a.a.o.batch.BatchExecutionImpl  [0;39m [2m:[0;39m 아카이빙 기준 날짜: 2025-07-12T17:12:13.945483, 배치 크기: 1000
Hibernate: 
    select
        ale1_0.id,
        ale1_0.date,
        ale1_0.device,
        ale1_0.endpoint,
        ale1_0.result,
        ale1_0.user_id 
    from
        auth_log_entity ale1_0 
    where
        ale1_0.date<? 
    order by
        ale1_0.date 
    limit
        ?
[2m2025-07-22T17:12:14.041+09:00[0;39m [32m INFO[0;39m [35m90979[0;39m [2m--- [nio-8080-exec-1] [0;39m[36mc.b.r.global.logging.LoggingAspect      [0;39m [2m:[0;39m [Archive - 조회 시간 측정] 94ms
[2m2025-07-22T17:12:14.042+09:00[0;39m [32m INFO[0;39m [35m90979[0;39m [2m--- [nio-8080-exec-1] [0;39m[36mc.b.r.a.a.a.o.batch.BatchExecutionImpl  [0;39m [2m:[0;39m 조회된 아카이빙 대상 데이터 건수: 1000
[2m2025-07-22T17:12:14.404+09:00[0;39m [32m INFO[0;39m [35m90979[0;39m [2m--- [nio-8080-exec-1] [0;39m[36mc.b.r.a.a.a.o.a.storage.SqliteStorage   [0;39m [2m:[0;39m SQLite에 인증 로그 저장 완료. 파일: ./archive-data/2025-07-22/2025-07-22.sqlite, 건수: 1000
Hibernate: 
    insert 
    into
        archive_metadata
        (archived_at, deleted, end_date, file_path, file_size_bytes, start_date, storage_type) 
    values
        (?, ?, ?, ?, ?, ?, ?)
[2m2025-07-22T17:12:14.445+09:00[0;39m [32m INFO[0;39m [35m90979[0;39m [2m--- [nio-8080-exec-1] [0;39m[36m.b.r.a.a.a.o.d.ArchiveMetadataJpaAdapter[0;39m [2m:[0;39m 아카이브 메타데이터 저장 완료. ID: 1, 파일경로: ./archive-data/2025-07-22/2025-07-22.sqlite, 스토리지타입: sqlite
[2m2025-07-22T17:12:14.445+09:00[0;39m [32m INFO[0;39m [35m90979[0;39m [2m--- [nio-8080-exec-1] [0;39m[36mc.b.r.a.a.a.o.batch.BatchExecutionImpl  [0;39m [2m:[0;39m 아카이브 메타데이터 저장 완료. ID: 1, 파일: ./archive-data/2025-07-22/2025-07-22.sqlite, 데이터건수: 1000
[2m2025-07-22T17:12:14.445+09:00[0;39m [32m INFO[0;39m [35m90979[0;39m [2m--- [nio-8080-exec-1] [0;39m[36mc.b.r.a.a.a.o.batch.BatchExecutionImpl  [0;39m [2m:[0;39m 데이터 삭제 시뮬레이션 - Count: 1000
[2m2025-07-22T17:12:14.446+09:00[0;39m [32m INFO[0;39m [35m90979[0;39m [2m--- [nio-8080-exec-1] [0;39m[36mc.b.r.a.a.a.o.batch.BatchExecutionImpl  [0;39m [2m:[0;39m 아카이빙 배치 완료 - Processed: 1000, Archived: 1000, Deleted: 1000
[2m2025-07-22T17:12:14.446+09:00[0;39m [32m INFO[0;39m [35m90979[0;39m [2m--- [nio-8080-exec-1] [0;39m[36mc.b.r.a.a.a.in.ArchivingService         [0;39m [2m:[0;39m 아카이빙 배치 서비스 실행 완료. 성공: true, 처리건수: 1000
[2m2025-07-22T17:12:14.446+09:00[0;39m [32m INFO[0;39m [35m90979[0;39m [2m--- [nio-8080-exec-1] [0;39m[36mc.b.r.a.a.a.i.c.AuthLogController       [0;39m [2m:[0;39m 수동 아카이빙 배치 성공: 배치 실행 성공 - 처리건수: 1000, 실행시간: 500ms
[2m2025-07-22T17:13:29.460+09:00[0;39m [32m INFO[0;39m [35m90979[0;39m [2m--- [nio-8080-exec-3] [0;39m[36mc.b.r.a.a.a.i.c.AuthLogController       [0;39m [2m:[0;39m 수동 아카이빙 배치 실행 요청
[2m2025-07-22T17:13:29.461+09:00[0;39m [32m INFO[0;39m [35m90979[0;39m [2m--- [nio-8080-exec-3] [0;39m[36mc.b.r.a.a.a.in.ArchivingService         [0;39m [2m:[0;39m 아카이빙 배치 서비스 실행 시작
[2m2025-07-22T17:13:29.461+09:00[0;39m [32m INFO[0;39m [35m90979[0;39m [2m--- [nio-8080-exec-3] [0;39m[36mc.b.r.a.a.a.o.batch.BatchExecutionImpl  [0;39m [2m:[0;39m 아카이빙 배치 시작
[2m2025-07-22T17:13:29.461+09:00[0;39m [32m INFO[0;39m [35m90979[0;39m [2m--- [nio-8080-exec-3] [0;39m[36mc.b.r.a.a.a.o.batch.BatchExecutionImpl  [0;39m [2m:[0;39m 아카이빙 기준 날짜: 2025-07-12T17:13:29.461708, 배치 크기: 1000
Hibernate: 
    select
        ale1_0.id,
        ale1_0.date,
        ale1_0.device,
        ale1_0.endpoint,
        ale1_0.result,
        ale1_0.user_id 
    from
        auth_log_entity ale1_0 
    where
        ale1_0.date<? 
    order by
        ale1_0.date 
    limit
        ?
[2m2025-07-22T17:13:29.495+09:00[0;39m [32m INFO[0;39m [35m90979[0;39m [2m--- [nio-8080-exec-3] [0;39m[36mc.b.r.global.logging.LoggingAspect      [0;39m [2m:[0;39m [Archive - 조회 시간 측정] 33ms
[2m2025-07-22T17:13:29.495+09:00[0;39m [32m INFO[0;39m [35m90979[0;39m [2m--- [nio-8080-exec-3] [0;39m[36mc.b.r.a.a.a.o.batch.BatchExecutionImpl  [0;39m [2m:[0;39m 조회된 아카이빙 대상 데이터 건수: 1000
[2m2025-07-22T17:13:29.501+09:00[0;39m [31mERROR[0;39m [35m90979[0;39m [2m--- [nio-8080-exec-3] [0;39m[36mc.b.r.a.a.a.o.a.storage.SqliteStorage   [0;39m [2m:[0;39m SQLite 데이터 저장 실패. 파일: ./archive-data/2025-07-22/2025-07-22.sqlite

org.sqlite.SQLiteException: [SQLITE_CONSTRAINT_PRIMARYKEY] A PRIMARY KEY constraint failed (UNIQUE constraint failed: auth_log.id)
	at org.sqlite.core.DB.newSQLException(DB.java:1179) ~[sqlite-jdbc-3.43.2.2.jar:na]
	at org.sqlite.core.DB.newSQLException(DB.java:1190) ~[sqlite-jdbc-3.43.2.2.jar:na]
	at org.sqlite.core.DB.throwex(DB.java:1150) ~[sqlite-jdbc-3.43.2.2.jar:na]
	at org.sqlite.core.DB.executeBatch(DB.java:951) ~[sqlite-jdbc-3.43.2.2.jar:na]
	at org.sqlite.core.DB.lambda$executeBatch$0(DB.java:916) ~[sqlite-jdbc-3.43.2.2.jar:na]
	at org.sqlite.core.SafeStmtPtr.safeRun(SafeStmtPtr.java:128) ~[sqlite-jdbc-3.43.2.2.jar:na]
	at org.sqlite.core.DB.executeBatch(DB.java:916) ~[sqlite-jdbc-3.43.2.2.jar:na]
	at org.sqlite.core.CorePreparedStatement.lambda$executeLargeBatch$1(CorePreparedStatement.java:76) ~[sqlite-jdbc-3.43.2.2.jar:na]
	at org.sqlite.jdbc3.JDBC3Statement.withConnectionTimeout(JDBC3Statement.java:459) ~[sqlite-jdbc-3.43.2.2.jar:na]
	at org.sqlite.core.CorePreparedStatement.executeLargeBatch(CorePreparedStatement.java:72) ~[sqlite-jdbc-3.43.2.2.jar:na]
	at org.sqlite.core.CorePreparedStatement.executeBatch(CorePreparedStatement.java:58) ~[sqlite-jdbc-3.43.2.2.jar:na]
	at com.baro13.readfast.admin.authlog.adapter.out.archive.storage.SqliteStorage.store(SqliteStorage.java:94) ~[main/:na]
	at java.base/jdk.internal.reflect.NativeMethodAccessorImpl.invoke0(Native Method) ~[na:na]
	at java.base/jdk.internal.reflect.NativeMethodAccessorImpl.invoke(NativeMethodAccessorImpl.java:77) ~[na:na]
	at java.base/jdk.internal.reflect.DelegatingMethodAccessorImpl.invoke(DelegatingMethodAccessorImpl.java:43) ~[na:na]
	at java.base/java.lang.reflect.Method.invoke(Method.java:568) ~[na:na]
	at org.springframework.aop.support.AopUtils.invokeJoinpointUsingReflection(AopUtils.java:359) ~[spring-aop-6.2.8.jar:6.2.8]
	at org.springframework.aop.framework.ReflectiveMethodInvocation.invokeJoinpoint(ReflectiveMethodInvocation.java:196) ~[spring-aop-6.2.8.jar:6.2.8]
	at org.springframework.aop.framework.ReflectiveMethodInvocation.proceed(ReflectiveMethodInvocation.java:163) ~[spring-aop-6.2.8.jar:6.2.8]
	at org.springframework.dao.support.PersistenceExceptionTranslationInterceptor.invoke(PersistenceExceptionTranslationInterceptor.java:138) ~[spring-tx-6.2.8.jar:6.2.8]
	at org.springframework.aop.framework.ReflectiveMethodInvocation.proceed(ReflectiveMethodInvocation.java:184) ~[spring-aop-6.2.8.jar:6.2.8]
	at org.springframework.aop.framework.CglibAopProxy$DynamicAdvisedInterceptor.intercept(CglibAopProxy.java:728) ~[spring-aop-6.2.8.jar:6.2.8]
	at com.baro13.readfast.admin.authlog.adapter.out.archive.storage.SqliteStorage$$SpringCGLIB$$0.store(<generated>) ~[main/:na]
	at com.baro13.readfast.admin.authlog.adapter.out.batch.BatchExecutionImpl.executeArchivingBatch(BatchExecutionImpl.java:79) ~[main/:na]
	at com.baro13.readfast.admin.authlog.application.in.ArchivingService.executeArchivingBatch(ArchivingService.java:27) ~[main/:na]
	at com.baro13.readfast.admin.authlog.adapter.in.controller.AuthLogController.executeArchivingBatch(AuthLogController.java:57) ~[main/:na]
	at java.base/jdk.internal.reflect.NativeMethodAccessorImpl.invoke0(Native Method) ~[na:na]
	at java.base/jdk.internal.reflect.NativeMethodAccessorImpl.invoke(NativeMethodAccessorImpl.java:77) ~[na:na]
	at java.base/jdk.internal.reflect.DelegatingMethodAccessorImpl.invoke(DelegatingMethodAccessorImpl.java:43) ~[na:na]
	at java.base/java.lang.reflect.Method.invoke(Method.java:568) ~[na:na]
	at org.springframework.web.method.support.InvocableHandlerMethod.doInvoke(InvocableHandlerMethod.java:258) ~[spring-web-6.2.8.jar:6.2.8]
	at org.springframework.web.method.support.InvocableHandlerMethod.invokeForRequest(InvocableHandlerMethod.java:191) ~[spring-web-6.2.8.jar:6.2.8]
	at org.springframework.web.servlet.mvc.method.annotation.ServletInvocableHandlerMethod.invokeAndHandle(ServletInvocableHandlerMethod.java:118) ~[spring-webmvc-6.2.8.jar:6.2.8]
	at org.springframework.web.servlet.mvc.method.annotation.RequestMappingHandlerAdapter.invokeHandlerMethod(RequestMappingHandlerAdapter.java:986) ~[spring-webmvc-6.2.8.jar:6.2.8]
	at org.springframework.web.servlet.mvc.method.annotation.RequestMappingHandlerAdapter.handleInternal(RequestMappingHandlerAdapter.java:891) ~[spring-webmvc-6.2.8.jar:6.2.8]
	at org.springframework.web.servlet.mvc.method.AbstractHandlerMethodAdapter.handle(AbstractHandlerMethodAdapter.java:87) ~[spring-webmvc-6.2.8.jar:6.2.8]
	at org.springframework.web.servlet.DispatcherServlet.doDispatch(DispatcherServlet.java:1089) ~[spring-webmvc-6.2.8.jar:6.2.8]
	at org.springframework.web.servlet.DispatcherServlet.doService(DispatcherServlet.java:979) ~[spring-webmvc-6.2.8.jar:6.2.8]
	at org.springframework.web.servlet.FrameworkServlet.processRequest(FrameworkServlet.java:1014) ~[spring-webmvc-6.2.8.jar:6.2.8]
	at org.springframework.web.servlet.FrameworkServlet.doGet(FrameworkServlet.java:903) ~[spring-webmvc-6.2.8.jar:6.2.8]
	at jakarta.servlet.http.HttpServlet.service(HttpServlet.java:564) ~[tomcat-embed-core-10.1.42.jar:6.0]
	at org.springframework.web.servlet.FrameworkServlet.service(FrameworkServlet.java:885) ~[spring-webmvc-6.2.8.jar:6.2.8]
	at jakarta.servlet.http.HttpServlet.service(HttpServlet.java:658) ~[tomcat-embed-core-10.1.42.jar:6.0]
	at org.apache.catalina.core.ApplicationFilterChain.internalDoFilter(ApplicationFilterChain.java:195) ~[tomcat-embed-core-10.1.42.jar:10.1.42]
	at org.apache.catalina.core.ApplicationFilterChain.doFilter(ApplicationFilterChain.java:140) ~[tomcat-embed-core-10.1.42.jar:10.1.42]
	at org.apache.tomcat.websocket.server.WsFilter.doFilter(WsFilter.java:51) ~[tomcat-embed-websocket-10.1.42.jar:10.1.42]
	at org.apache.catalina.core.ApplicationFilterChain.internalDoFilter(ApplicationFilterChain.java:164) ~[tomcat-embed-core-10.1.42.jar:10.1.42]
	at org.apache.catalina.core.ApplicationFilterChain.doFilter(ApplicationFilterChain.java:140) ~[tomcat-embed-core-10.1.42.jar:10.1.42]
	at org.springframework.web.filter.RequestContextFilter.doFilterInternal(RequestContextFilter.java:100) ~[spring-web-6.2.8.jar:6.2.8]
	at org.springframework.web.filter.OncePerRequestFilter.doFilter(OncePerRequestFilter.java:116) ~[spring-web-6.2.8.jar:6.2.8]
	at org.apache.catalina.core.ApplicationFilterChain.internalDoFilter(ApplicationFilterChain.java:164) ~[tomcat-embed-core-10.1.42.jar:10.1.42]
	at org.apache.catalina.core.ApplicationFilterChain.doFilter(ApplicationFilterChain.java:140) ~[tomcat-embed-core-10.1.42.jar:10.1.42]
	at org.springframework.web.filter.FormContentFilter.doFilterInternal(FormContentFilter.java:93) ~[spring-web-6.2.8.jar:6.2.8]
	at org.springframework.web.filter.OncePerRequestFilter.doFilter(OncePerRequestFilter.java:116) ~[spring-web-6.2.8.jar:6.2.8]
	at org.apache.catalina.core.ApplicationFilterChain.internalDoFilter(ApplicationFilterChain.java:164) ~[tomcat-embed-core-10.1.42.jar:10.1.42]
	at org.apache.catalina.core.ApplicationFilterChain.doFilter(ApplicationFilterChain.java:140) ~[tomcat-embed-core-10.1.42.jar:10.1.42]
	at org.springframework.web.filter.CharacterEncodingFilter.doFilterInternal(CharacterEncodingFilter.java:201) ~[spring-web-6.2.8.jar:6.2.8]
	at org.springframework.web.filter.OncePerRequestFilter.doFilter(OncePerRequestFilter.java:116) ~[spring-web-6.2.8.jar:6.2.8]
	at org.apache.catalina.core.ApplicationFilterChain.internalDoFilter(ApplicationFilterChain.java:164) ~[tomcat-embed-core-10.1.42.jar:10.1.42]
	at org.apache.catalina.core.ApplicationFilterChain.doFilter(ApplicationFilterChain.java:140) ~[tomcat-embed-core-10.1.42.jar:10.1.42]
	at org.apache.catalina.core.StandardWrapperValve.invoke(StandardWrapperValve.java:167) ~[tomcat-embed-core-10.1.42.jar:10.1.42]
	at org.apache.catalina.core.StandardContextValve.invoke(StandardContextValve.java:90) ~[tomcat-embed-core-10.1.42.jar:10.1.42]
	at org.apache.catalina.authenticator.AuthenticatorBase.invoke(AuthenticatorBase.java:483) ~[tomcat-embed-core-10.1.42.jar:10.1.42]
	at org.apache.catalina.core.StandardHostValve.invoke(StandardHostValve.java:116) ~[tomcat-embed-core-10.1.42.jar:10.1.42]
	at org.apache.catalina.valves.ErrorReportValve.invoke(ErrorReportValve.java:93) ~[tomcat-embed-core-10.1.42.jar:10.1.42]
	at org.apache.catalina.core.StandardEngineValve.invoke(StandardEngineValve.java:74) ~[tomcat-embed-core-10.1.42.jar:10.1.42]
	at org.apache.catalina.connector.CoyoteAdapter.service(CoyoteAdapter.java:344) ~[tomcat-embed-core-10.1.42.jar:10.1.42]
	at org.apache.coyote.http11.Http11Processor.service(Http11Processor.java:398) ~[tomcat-embed-core-10.1.42.jar:10.1.42]
	at org.apache.coyote.AbstractProcessorLight.process(AbstractProcessorLight.java:63) ~[tomcat-embed-core-10.1.42.jar:10.1.42]
	at org.apache.coyote.AbstractProtocol$ConnectionHandler.process(AbstractProtocol.java:903) ~[tomcat-embed-core-10.1.42.jar:10.1.42]
	at org.apache.tomcat.util.net.NioEndpoint$SocketProcessor.doRun(NioEndpoint.java:1769) ~[tomcat-embed-core-10.1.42.jar:10.1.42]
	at org.apache.tomcat.util.net.SocketProcessorBase.run(SocketProcessorBase.java:52) ~[tomcat-embed-core-10.1.42.jar:10.1.42]
	at org.apache.tomcat.util.threads.ThreadPoolExecutor.runWorker(ThreadPoolExecutor.java:1189) ~[tomcat-embed-core-10.1.42.jar:10.1.42]
	at org.apache.tomcat.util.threads.ThreadPoolExecutor$Worker.run(ThreadPoolExecutor.java:658) ~[tomcat-embed-core-10.1.42.jar:10.1.42]
	at org.apache.tomcat.util.threads.TaskThread$WrappingRunnable.run(TaskThread.java:63) ~[tomcat-embed-core-10.1.42.jar:10.1.42]
	at java.base/java.lang.Thread.run(Thread.java:840) ~[na:na]

[2m2025-07-22T17:13:29.512+09:00[0;39m [31mERROR[0;39m [35m90979[0;39m [2m--- [nio-8080-exec-3] [0;39m[36mc.b.r.a.a.a.o.batch.BatchExecutionImpl  [0;39m [2m:[0;39m 아카이빙 배치 실패

java.lang.RuntimeException: SQLite 데이터 저장 중 오류 발생
	at com.baro13.readfast.admin.authlog.adapter.out.archive.storage.SqliteStorage.store(SqliteStorage.java:102) ~[main/:na]
	at java.base/jdk.internal.reflect.NativeMethodAccessorImpl.invoke0(Native Method) ~[na:na]
	at java.base/jdk.internal.reflect.NativeMethodAccessorImpl.invoke(NativeMethodAccessorImpl.java:77) ~[na:na]
	at java.base/jdk.internal.reflect.DelegatingMethodAccessorImpl.invoke(DelegatingMethodAccessorImpl.java:43) ~[na:na]
	at java.base/java.lang.reflect.Method.invoke(Method.java:568) ~[na:na]
	at org.springframework.aop.support.AopUtils.invokeJoinpointUsingReflection(AopUtils.java:359) ~[spring-aop-6.2.8.jar:6.2.8]
	at org.springframework.aop.framework.ReflectiveMethodInvocation.invokeJoinpoint(ReflectiveMethodInvocation.java:196) ~[spring-aop-6.2.8.jar:6.2.8]
	at org.springframework.aop.framework.ReflectiveMethodInvocation.proceed(ReflectiveMethodInvocation.java:163) ~[spring-aop-6.2.8.jar:6.2.8]
	at org.springframework.dao.support.PersistenceExceptionTranslationInterceptor.invoke(PersistenceExceptionTranslationInterceptor.java:138) ~[spring-tx-6.2.8.jar:6.2.8]
	at org.springframework.aop.framework.ReflectiveMethodInvocation.proceed(ReflectiveMethodInvocation.java:184) ~[spring-aop-6.2.8.jar:6.2.8]
	at org.springframework.aop.framework.CglibAopProxy$DynamicAdvisedInterceptor.intercept(CglibAopProxy.java:728) ~[spring-aop-6.2.8.jar:6.2.8]
	at com.baro13.readfast.admin.authlog.adapter.out.archive.storage.SqliteStorage$$SpringCGLIB$$0.store(<generated>) ~[main/:na]
	at com.baro13.readfast.admin.authlog.adapter.out.batch.BatchExecutionImpl.executeArchivingBatch(BatchExecutionImpl.java:79) ~[main/:na]
	at com.baro13.readfast.admin.authlog.application.in.ArchivingService.executeArchivingBatch(ArchivingService.java:27) ~[main/:na]
	at com.baro13.readfast.admin.authlog.adapter.in.controller.AuthLogController.executeArchivingBatch(AuthLogController.java:57) ~[main/:na]
	at java.base/jdk.internal.reflect.NativeMethodAccessorImpl.invoke0(Native Method) ~[na:na]
	at java.base/jdk.internal.reflect.NativeMethodAccessorImpl.invoke(NativeMethodAccessorImpl.java:77) ~[na:na]
	at java.base/jdk.internal.reflect.DelegatingMethodAccessorImpl.invoke(DelegatingMethodAccessorImpl.java:43) ~[na:na]
	at java.base/java.lang.reflect.Method.invoke(Method.java:568) ~[na:na]
	at org.springframework.web.method.support.InvocableHandlerMethod.doInvoke(InvocableHandlerMethod.java:258) ~[spring-web-6.2.8.jar:6.2.8]
	at org.springframework.web.method.support.InvocableHandlerMethod.invokeForRequest(InvocableHandlerMethod.java:191) ~[spring-web-6.2.8.jar:6.2.8]
	at org.springframework.web.servlet.mvc.method.annotation.ServletInvocableHandlerMethod.invokeAndHandle(ServletInvocableHandlerMethod.java:118) ~[spring-webmvc-6.2.8.jar:6.2.8]
	at org.springframework.web.servlet.mvc.method.annotation.RequestMappingHandlerAdapter.invokeHandlerMethod(RequestMappingHandlerAdapter.java:986) ~[spring-webmvc-6.2.8.jar:6.2.8]
	at org.springframework.web.servlet.mvc.method.annotation.RequestMappingHandlerAdapter.handleInternal(RequestMappingHandlerAdapter.java:891) ~[spring-webmvc-6.2.8.jar:6.2.8]
	at org.springframework.web.servlet.mvc.method.AbstractHandlerMethodAdapter.handle(AbstractHandlerMethodAdapter.java:87) ~[spring-webmvc-6.2.8.jar:6.2.8]
	at org.springframework.web.servlet.DispatcherServlet.doDispatch(DispatcherServlet.java:1089) ~[spring-webmvc-6.2.8.jar:6.2.8]
	at org.springframework.web.servlet.DispatcherServlet.doService(DispatcherServlet.java:979) ~[spring-webmvc-6.2.8.jar:6.2.8]
	at org.springframework.web.servlet.FrameworkServlet.processRequest(FrameworkServlet.java:1014) ~[spring-webmvc-6.2.8.jar:6.2.8]
	at org.springframework.web.servlet.FrameworkServlet.doGet(FrameworkServlet.java:903) ~[spring-webmvc-6.2.8.jar:6.2.8]
	at jakarta.servlet.http.HttpServlet.service(HttpServlet.java:564) ~[tomcat-embed-core-10.1.42.jar:6.0]
	at org.springframework.web.servlet.FrameworkServlet.service(FrameworkServlet.java:885) ~[spring-webmvc-6.2.8.jar:6.2.8]
	at jakarta.servlet.http.HttpServlet.service(HttpServlet.java:658) ~[tomcat-embed-core-10.1.42.jar:6.0]
	at org.apache.catalina.core.ApplicationFilterChain.internalDoFilter(ApplicationFilterChain.java:195) ~[tomcat-embed-core-10.1.42.jar:10.1.42]
	at org.apache.catalina.core.ApplicationFilterChain.doFilter(ApplicationFilterChain.java:140) ~[tomcat-embed-core-10.1.42.jar:10.1.42]
	at org.apache.tomcat.websocket.server.WsFilter.doFilter(WsFilter.java:51) ~[tomcat-embed-websocket-10.1.42.jar:10.1.42]
	at org.apache.catalina.core.ApplicationFilterChain.internalDoFilter(ApplicationFilterChain.java:164) ~[tomcat-embed-core-10.1.42.jar:10.1.42]
	at org.apache.catalina.core.ApplicationFilterChain.doFilter(ApplicationFilterChain.java:140) ~[tomcat-embed-core-10.1.42.jar:10.1.42]
	at org.springframework.web.filter.RequestContextFilter.doFilterInternal(RequestContextFilter.java:100) ~[spring-web-6.2.8.jar:6.2.8]
	at org.springframework.web.filter.OncePerRequestFilter.doFilter(OncePerRequestFilter.java:116) ~[spring-web-6.2.8.jar:6.2.8]
	at org.apache.catalina.core.ApplicationFilterChain.internalDoFilter(ApplicationFilterChain.java:164) ~[tomcat-embed-core-10.1.42.jar:10.1.42]
	at org.apache.catalina.core.ApplicationFilterChain.doFilter(ApplicationFilterChain.java:140) ~[tomcat-embed-core-10.1.42.jar:10.1.42]
	at org.springframework.web.filter.FormContentFilter.doFilterInternal(FormContentFilter.java:93) ~[spring-web-6.2.8.jar:6.2.8]
	at org.springframework.web.filter.OncePerRequestFilter.doFilter(OncePerRequestFilter.java:116) ~[spring-web-6.2.8.jar:6.2.8]
	at org.apache.catalina.core.ApplicationFilterChain.internalDoFilter(ApplicationFilterChain.java:164) ~[tomcat-embed-core-10.1.42.jar:10.1.42]
	at org.apache.catalina.core.ApplicationFilterChain.doFilter(ApplicationFilterChain.java:140) ~[tomcat-embed-core-10.1.42.jar:10.1.42]
	at org.springframework.web.filter.CharacterEncodingFilter.doFilterInternal(CharacterEncodingFilter.java:201) ~[spring-web-6.2.8.jar:6.2.8]
	at org.springframework.web.filter.OncePerRequestFilter.doFilter(OncePerRequestFilter.java:116) ~[spring-web-6.2.8.jar:6.2.8]
	at org.apache.catalina.core.ApplicationFilterChain.internalDoFilter(ApplicationFilterChain.java:164) ~[tomcat-embed-core-10.1.42.jar:10.1.42]
	at org.apache.catalina.core.ApplicationFilterChain.doFilter(ApplicationFilterChain.java:140) ~[tomcat-embed-core-10.1.42.jar:10.1.42]
	at org.apache.catalina.core.StandardWrapperValve.invoke(StandardWrapperValve.java:167) ~[tomcat-embed-core-10.1.42.jar:10.1.42]
	at org.apache.catalina.core.StandardContextValve.invoke(StandardContextValve.java:90) ~[tomcat-embed-core-10.1.42.jar:10.1.42]
	at org.apache.catalina.authenticator.AuthenticatorBase.invoke(AuthenticatorBase.java:483) ~[tomcat-embed-core-10.1.42.jar:10.1.42]
	at org.apache.catalina.core.StandardHostValve.invoke(StandardHostValve.java:116) ~[tomcat-embed-core-10.1.42.jar:10.1.42]
	at org.apache.catalina.valves.ErrorReportValve.invoke(ErrorReportValve.java:93) ~[tomcat-embed-core-10.1.42.jar:10.1.42]
	at org.apache.catalina.core.StandardEngineValve.invoke(StandardEngineValve.java:74) ~[tomcat-embed-core-10.1.42.jar:10.1.42]
	at org.apache.catalina.connector.CoyoteAdapter.service(CoyoteAdapter.java:344) ~[tomcat-embed-core-10.1.42.jar:10.1.42]
	at org.apache.coyote.http11.Http11Processor.service(Http11Processor.java:398) ~[tomcat-embed-core-10.1.42.jar:10.1.42]
	at org.apache.coyote.AbstractProcessorLight.process(AbstractProcessorLight.java:63) ~[tomcat-embed-core-10.1.42.jar:10.1.42]
	at org.apache.coyote.AbstractProtocol$ConnectionHandler.process(AbstractProtocol.java:903) ~[tomcat-embed-core-10.1.42.jar:10.1.42]
	at org.apache.tomcat.util.net.NioEndpoint$SocketProcessor.doRun(NioEndpoint.java:1769) ~[tomcat-embed-core-10.1.42.jar:10.1.42]
	at org.apache.tomcat.util.net.SocketProcessorBase.run(SocketProcessorBase.java:52) ~[tomcat-embed-core-10.1.42.jar:10.1.42]
	at org.apache.tomcat.util.threads.ThreadPoolExecutor.runWorker(ThreadPoolExecutor.java:1189) ~[tomcat-embed-core-10.1.42.jar:10.1.42]
	at org.apache.tomcat.util.threads.ThreadPoolExecutor$Worker.run(ThreadPoolExecutor.java:658) ~[tomcat-embed-core-10.1.42.jar:10.1.42]
	at org.apache.tomcat.util.threads.TaskThread$WrappingRunnable.run(TaskThread.java:63) ~[tomcat-embed-core-10.1.42.jar:10.1.42]
	at java.base/java.lang.Thread.run(Thread.java:840) ~[na:na]
Caused by: org.sqlite.SQLiteException: [SQLITE_CONSTRAINT_PRIMARYKEY] A PRIMARY KEY constraint failed (UNIQUE constraint failed: auth_log.id)
	at org.sqlite.core.DB.newSQLException(DB.java:1179) ~[sqlite-jdbc-3.43.2.2.jar:na]
	at org.sqlite.core.DB.newSQLException(DB.java:1190) ~[sqlite-jdbc-3.43.2.2.jar:na]
	at org.sqlite.core.DB.throwex(DB.java:1150) ~[sqlite-jdbc-3.43.2.2.jar:na]
	at org.sqlite.core.DB.executeBatch(DB.java:951) ~[sqlite-jdbc-3.43.2.2.jar:na]
	at org.sqlite.core.DB.lambda$executeBatch$0(DB.java:916) ~[sqlite-jdbc-3.43.2.2.jar:na]
	at org.sqlite.core.SafeStmtPtr.safeRun(SafeStmtPtr.java:128) ~[sqlite-jdbc-3.43.2.2.jar:na]
	at org.sqlite.core.DB.executeBatch(DB.java:916) ~[sqlite-jdbc-3.43.2.2.jar:na]
	at org.sqlite.core.CorePreparedStatement.lambda$executeLargeBatch$1(CorePreparedStatement.java:76) ~[sqlite-jdbc-3.43.2.2.jar:na]
	at org.sqlite.jdbc3.JDBC3Statement.withConnectionTimeout(JDBC3Statement.java:459) ~[sqlite-jdbc-3.43.2.2.jar:na]
	at org.sqlite.core.CorePreparedStatement.executeLargeBatch(CorePreparedStatement.java:72) ~[sqlite-jdbc-3.43.2.2.jar:na]
	at org.sqlite.core.CorePreparedStatement.executeBatch(CorePreparedStatement.java:58) ~[sqlite-jdbc-3.43.2.2.jar:na]
	at com.baro13.readfast.admin.authlog.adapter.out.archive.storage.SqliteStorage.store(SqliteStorage.java:94) ~[main/:na]
	... 64 common frames omitted

[2m2025-07-22T17:13:29.513+09:00[0;39m [32m INFO[0;39m [35m90979[0;39m [2m--- [nio-8080-exec-3] [0;39m[36mc.b.r.a.a.a.in.ArchivingService         [0;39m [2m:[0;39m 아카이빙 배치 서비스 실행 완료. 성공: false, 처리건수: 0
[2m2025-07-22T17:13:29.513+09:00[0;39m [31mERROR[0;39m [35m90979[0;39m [2m--- [nio-8080-exec-3] [0;39m[36mc.b.r.a.a.a.i.c.AuthLogController       [0;39m [2m:[0;39m 수동 아카이빙 배치 실패: 스토리지 저장 실패: SQLite 데이터 저장 중 오류 발생
[2m2025-07-22T17:13:45.587+09:00[0;39m [32m INFO[0;39m [35m90979[0;39m [2m--- [nio-8080-exec-5] [0;39m[36mc.b.r.a.a.a.i.c.AuthLogController       [0;39m [2m:[0;39m 수동 아카이빙 배치 실행 요청
[2m2025-07-22T17:13:45.588+09:00[0;39m [32m INFO[0;39m [35m90979[0;39m [2m--- [nio-8080-exec-5] [0;39m[36mc.b.r.a.a.a.in.ArchivingService         [0;39m [2m:[0;39m 아카이빙 배치 서비스 실행 시작
[2m2025-07-22T17:13:45.588+09:00[0;39m [32m INFO[0;39m [35m90979[0;39m [2m--- [nio-8080-exec-5] [0;39m[36mc.b.r.a.a.a.o.batch.BatchExecutionImpl  [0;39m [2m:[0;39m 아카이빙 배치 시작
[2m2025-07-22T17:13:45.588+09:00[0;39m [32m INFO[0;39m [35m90979[0;39m [2m--- [nio-8080-exec-5] [0;39m[36mc.b.r.a.a.a.o.batch.BatchExecutionImpl  [0;39m [2m:[0;39m 아카이빙 기준 날짜: 2025-07-12T17:13:45.588827, 배치 크기: 1000
Hibernate: 
    select
        ale1_0.id,
        ale1_0.date,
        ale1_0.device,
        ale1_0.endpoint,
        ale1_0.result,
        ale1_0.user_id 
    from
        auth_log_entity ale1_0 
    where
        ale1_0.date<? 
    order by
        ale1_0.date 
    limit
        ?
[2m2025-07-22T17:13:45.606+09:00[0;39m [32m INFO[0;39m [35m90979[0;39m [2m--- [nio-8080-exec-5] [0;39m[36mc.b.r.global.logging.LoggingAspect      [0;39m [2m:[0;39m [Archive - 조회 시간 측정] 17ms
[2m2025-07-22T17:13:45.607+09:00[0;39m [32m INFO[0;39m [35m90979[0;39m [2m--- [nio-8080-exec-5] [0;39m[36mc.b.r.a.a.a.o.batch.BatchExecutionImpl  [0;39m [2m:[0;39m 조회된 아카이빙 대상 데이터 건수: 1000
[2m2025-07-22T17:13:45.609+09:00[0;39m [31mERROR[0;39m [35m90979[0;39m [2m--- [nio-8080-exec-5] [0;39m[36mc.b.r.a.a.a.o.a.storage.SqliteStorage   [0;39m [2m:[0;39m SQLite 데이터 저장 실패. 파일: ./archive-data/2025-07-22/2025-07-22.sqlite

org.sqlite.SQLiteException: [SQLITE_CONSTRAINT_PRIMARYKEY] A PRIMARY KEY constraint failed (UNIQUE constraint failed: auth_log.id)
	at org.sqlite.core.DB.newSQLException(DB.java:1179) ~[sqlite-jdbc-3.43.2.2.jar:na]
	at org.sqlite.core.DB.newSQLException(DB.java:1190) ~[sqlite-jdbc-3.43.2.2.jar:na]
	at org.sqlite.core.DB.throwex(DB.java:1150) ~[sqlite-jdbc-3.43.2.2.jar:na]
	at org.sqlite.core.DB.executeBatch(DB.java:951) ~[sqlite-jdbc-3.43.2.2.jar:na]
	at org.sqlite.core.DB.lambda$executeBatch$0(DB.java:916) ~[sqlite-jdbc-3.43.2.2.jar:na]
	at org.sqlite.core.SafeStmtPtr.safeRun(SafeStmtPtr.java:128) ~[sqlite-jdbc-3.43.2.2.jar:na]
	at org.sqlite.core.DB.executeBatch(DB.java:916) ~[sqlite-jdbc-3.43.2.2.jar:na]
	at org.sqlite.core.CorePreparedStatement.lambda$executeLargeBatch$1(CorePreparedStatement.java:76) ~[sqlite-jdbc-3.43.2.2.jar:na]
	at org.sqlite.jdbc3.JDBC3Statement.withConnectionTimeout(JDBC3Statement.java:459) ~[sqlite-jdbc-3.43.2.2.jar:na]
	at org.sqlite.core.CorePreparedStatement.executeLargeBatch(CorePreparedStatement.java:72) ~[sqlite-jdbc-3.43.2.2.jar:na]
	at org.sqlite.core.CorePreparedStatement.executeBatch(CorePreparedStatement.java:58) ~[sqlite-jdbc-3.43.2.2.jar:na]
	at com.baro13.readfast.admin.authlog.adapter.out.archive.storage.SqliteStorage.store(SqliteStorage.java:94) ~[main/:na]
	at java.base/jdk.internal.reflect.NativeMethodAccessorImpl.invoke0(Native Method) ~[na:na]
	at java.base/jdk.internal.reflect.NativeMethodAccessorImpl.invoke(NativeMethodAccessorImpl.java:77) ~[na:na]
	at java.base/jdk.internal.reflect.DelegatingMethodAccessorImpl.invoke(DelegatingMethodAccessorImpl.java:43) ~[na:na]
	at java.base/java.lang.reflect.Method.invoke(Method.java:568) ~[na:na]
	at org.springframework.aop.support.AopUtils.invokeJoinpointUsingReflection(AopUtils.java:359) ~[spring-aop-6.2.8.jar:6.2.8]
	at org.springframework.aop.framework.ReflectiveMethodInvocation.invokeJoinpoint(ReflectiveMethodInvocation.java:196) ~[spring-aop-6.2.8.jar:6.2.8]
	at org.springframework.aop.framework.ReflectiveMethodInvocation.proceed(ReflectiveMethodInvocation.java:163) ~[spring-aop-6.2.8.jar:6.2.8]
	at org.springframework.dao.support.PersistenceExceptionTranslationInterceptor.invoke(PersistenceExceptionTranslationInterceptor.java:138) ~[spring-tx-6.2.8.jar:6.2.8]
	at org.springframework.aop.framework.ReflectiveMethodInvocation.proceed(ReflectiveMethodInvocation.java:184) ~[spring-aop-6.2.8.jar:6.2.8]
	at org.springframework.aop.framework.CglibAopProxy$DynamicAdvisedInterceptor.intercept(CglibAopProxy.java:728) ~[spring-aop-6.2.8.jar:6.2.8]
	at com.baro13.readfast.admin.authlog.adapter.out.archive.storage.SqliteStorage$$SpringCGLIB$$0.store(<generated>) ~[main/:na]
	at com.baro13.readfast.admin.authlog.adapter.out.batch.BatchExecutionImpl.executeArchivingBatch(BatchExecutionImpl.java:79) ~[main/:na]
	at com.baro13.readfast.admin.authlog.application.in.ArchivingService.executeArchivingBatch(ArchivingService.java:27) ~[main/:na]
	at com.baro13.readfast.admin.authlog.adapter.in.controller.AuthLogController.executeArchivingBatch(AuthLogController.java:57) ~[main/:na]
	at java.base/jdk.internal.reflect.NativeMethodAccessorImpl.invoke0(Native Method) ~[na:na]
	at java.base/jdk.internal.reflect.NativeMethodAccessorImpl.invoke(NativeMethodAccessorImpl.java:77) ~[na:na]
	at java.base/jdk.internal.reflect.DelegatingMethodAccessorImpl.invoke(DelegatingMethodAccessorImpl.java:43) ~[na:na]
	at java.base/java.lang.reflect.Method.invoke(Method.java:568) ~[na:na]
	at org.springframework.web.method.support.InvocableHandlerMethod.doInvoke(InvocableHandlerMethod.java:258) ~[spring-web-6.2.8.jar:6.2.8]
	at org.springframework.web.method.support.InvocableHandlerMethod.invokeForRequest(InvocableHandlerMethod.java:191) ~[spring-web-6.2.8.jar:6.2.8]
	at org.springframework.web.servlet.mvc.method.annotation.ServletInvocableHandlerMethod.invokeAndHandle(ServletInvocableHandlerMethod.java:118) ~[spring-webmvc-6.2.8.jar:6.2.8]
	at org.springframework.web.servlet.mvc.method.annotation.RequestMappingHandlerAdapter.invokeHandlerMethod(RequestMappingHandlerAdapter.java:986) ~[spring-webmvc-6.2.8.jar:6.2.8]
	at org.springframework.web.servlet.mvc.method.annotation.RequestMappingHandlerAdapter.handleInternal(RequestMappingHandlerAdapter.java:891) ~[spring-webmvc-6.2.8.jar:6.2.8]
	at org.springframework.web.servlet.mvc.method.AbstractHandlerMethodAdapter.handle(AbstractHandlerMethodAdapter.java:87) ~[spring-webmvc-6.2.8.jar:6.2.8]
	at org.springframework.web.servlet.DispatcherServlet.doDispatch(DispatcherServlet.java:1089) ~[spring-webmvc-6.2.8.jar:6.2.8]
	at org.springframework.web.servlet.DispatcherServlet.doService(DispatcherServlet.java:979) ~[spring-webmvc-6.2.8.jar:6.2.8]
	at org.springframework.web.servlet.FrameworkServlet.processRequest(FrameworkServlet.java:1014) ~[spring-webmvc-6.2.8.jar:6.2.8]
	at org.springframework.web.servlet.FrameworkServlet.doGet(FrameworkServlet.java:903) ~[spring-webmvc-6.2.8.jar:6.2.8]
	at jakarta.servlet.http.HttpServlet.service(HttpServlet.java:564) ~[tomcat-embed-core-10.1.42.jar:6.0]
	at org.springframework.web.servlet.FrameworkServlet.service(FrameworkServlet.java:885) ~[spring-webmvc-6.2.8.jar:6.2.8]
	at jakarta.servlet.http.HttpServlet.service(HttpServlet.java:658) ~[tomcat-embed-core-10.1.42.jar:6.0]
	at org.apache.catalina.core.ApplicationFilterChain.internalDoFilter(ApplicationFilterChain.java:195) ~[tomcat-embed-core-10.1.42.jar:10.1.42]
	at org.apache.catalina.core.ApplicationFilterChain.doFilter(ApplicationFilterChain.java:140) ~[tomcat-embed-core-10.1.42.jar:10.1.42]
	at org.apache.tomcat.websocket.server.WsFilter.doFilter(WsFilter.java:51) ~[tomcat-embed-websocket-10.1.42.jar:10.1.42]
	at org.apache.catalina.core.ApplicationFilterChain.internalDoFilter(ApplicationFilterChain.java:164) ~[tomcat-embed-core-10.1.42.jar:10.1.42]
	at org.apache.catalina.core.ApplicationFilterChain.doFilter(ApplicationFilterChain.java:140) ~[tomcat-embed-core-10.1.42.jar:10.1.42]
	at org.springframework.web.filter.RequestContextFilter.doFilterInternal(RequestContextFilter.java:100) ~[spring-web-6.2.8.jar:6.2.8]
	at org.springframework.web.filter.OncePerRequestFilter.doFilter(OncePerRequestFilter.java:116) ~[spring-web-6.2.8.jar:6.2.8]
	at org.apache.catalina.core.ApplicationFilterChain.internalDoFilter(ApplicationFilterChain.java:164) ~[tomcat-embed-core-10.1.42.jar:10.1.42]
	at org.apache.catalina.core.ApplicationFilterChain.doFilter(ApplicationFilterChain.java:140) ~[tomcat-embed-core-10.1.42.jar:10.1.42]
	at org.springframework.web.filter.FormContentFilter.doFilterInternal(FormContentFilter.java:93) ~[spring-web-6.2.8.jar:6.2.8]
	at org.springframework.web.filter.OncePerRequestFilter.doFilter(OncePerRequestFilter.java:116) ~[spring-web-6.2.8.jar:6.2.8]
	at org.apache.catalina.core.ApplicationFilterChain.internalDoFilter(ApplicationFilterChain.java:164) ~[tomcat-embed-core-10.1.42.jar:10.1.42]
	at org.apache.catalina.core.ApplicationFilterChain.doFilter(ApplicationFilterChain.java:140) ~[tomcat-embed-core-10.1.42.jar:10.1.42]
	at org.springframework.web.filter.CharacterEncodingFilter.doFilterInternal(CharacterEncodingFilter.java:201) ~[spring-web-6.2.8.jar:6.2.8]
	at org.springframework.web.filter.OncePerRequestFilter.doFilter(OncePerRequestFilter.java:116) ~[spring-web-6.2.8.jar:6.2.8]
	at org.apache.catalina.core.ApplicationFilterChain.internalDoFilter(ApplicationFilterChain.java:164) ~[tomcat-embed-core-10.1.42.jar:10.1.42]
	at org.apache.catalina.core.ApplicationFilterChain.doFilter(ApplicationFilterChain.java:140) ~[tomcat-embed-core-10.1.42.jar:10.1.42]
	at org.apache.catalina.core.StandardWrapperValve.invoke(StandardWrapperValve.java:167) ~[tomcat-embed-core-10.1.42.jar:10.1.42]
	at org.apache.catalina.core.StandardContextValve.invoke(StandardContextValve.java:90) ~[tomcat-embed-core-10.1.42.jar:10.1.42]
	at org.apache.catalina.authenticator.AuthenticatorBase.invoke(AuthenticatorBase.java:483) ~[tomcat-embed-core-10.1.42.jar:10.1.42]
	at org.apache.catalina.core.StandardHostValve.invoke(StandardHostValve.java:116) ~[tomcat-embed-core-10.1.42.jar:10.1.42]
	at org.apache.catalina.valves.ErrorReportValve.invoke(ErrorReportValve.java:93) ~[tomcat-embed-core-10.1.42.jar:10.1.42]
	at org.apache.catalina.core.StandardEngineValve.invoke(StandardEngineValve.java:74) ~[tomcat-embed-core-10.1.42.jar:10.1.42]
	at org.apache.catalina.connector.CoyoteAdapter.service(CoyoteAdapter.java:344) ~[tomcat-embed-core-10.1.42.jar:10.1.42]
	at org.apache.coyote.http11.Http11Processor.service(Http11Processor.java:398) ~[tomcat-embed-core-10.1.42.jar:10.1.42]
	at org.apache.coyote.AbstractProcessorLight.process(AbstractProcessorLight.java:63) ~[tomcat-embed-core-10.1.42.jar:10.1.42]
	at org.apache.coyote.AbstractProtocol$ConnectionHandler.process(AbstractProtocol.java:903) ~[tomcat-embed-core-10.1.42.jar:10.1.42]
	at org.apache.tomcat.util.net.NioEndpoint$SocketProcessor.doRun(NioEndpoint.java:1769) ~[tomcat-embed-core-10.1.42.jar:10.1.42]
	at org.apache.tomcat.util.net.SocketProcessorBase.run(SocketProcessorBase.java:52) ~[tomcat-embed-core-10.1.42.jar:10.1.42]
	at org.apache.tomcat.util.threads.ThreadPoolExecutor.runWorker(ThreadPoolExecutor.java:1189) ~[tomcat-embed-core-10.1.42.jar:10.1.42]
	at org.apache.tomcat.util.threads.ThreadPoolExecutor$Worker.run(ThreadPoolExecutor.java:658) ~[tomcat-embed-core-10.1.42.jar:10.1.42]
	at org.apache.tomcat.util.threads.TaskThread$WrappingRunnable.run(TaskThread.java:63) ~[tomcat-embed-core-10.1.42.jar:10.1.42]
	at java.base/java.lang.Thread.run(Thread.java:840) ~[na:na]

[2m2025-07-22T17:13:45.610+09:00[0;39m [31mERROR[0;39m [35m90979[0;39m [2m--- [nio-8080-exec-5] [0;39m[36mc.b.r.a.a.a.o.batch.BatchExecutionImpl  [0;39m [2m:[0;39m 아카이빙 배치 실패

java.lang.RuntimeException: SQLite 데이터 저장 중 오류 발생
	at com.baro13.readfast.admin.authlog.adapter.out.archive.storage.SqliteStorage.store(SqliteStorage.java:102) ~[main/:na]
	at java.base/jdk.internal.reflect.NativeMethodAccessorImpl.invoke0(Native Method) ~[na:na]
	at java.base/jdk.internal.reflect.NativeMethodAccessorImpl.invoke(NativeMethodAccessorImpl.java:77) ~[na:na]
	at java.base/jdk.internal.reflect.DelegatingMethodAccessorImpl.invoke(DelegatingMethodAccessorImpl.java:43) ~[na:na]
	at java.base/java.lang.reflect.Method.invoke(Method.java:568) ~[na:na]
	at org.springframework.aop.support.AopUtils.invokeJoinpointUsingReflection(AopUtils.java:359) ~[spring-aop-6.2.8.jar:6.2.8]
	at org.springframework.aop.framework.ReflectiveMethodInvocation.invokeJoinpoint(ReflectiveMethodInvocation.java:196) ~[spring-aop-6.2.8.jar:6.2.8]
	at org.springframework.aop.framework.ReflectiveMethodInvocation.proceed(ReflectiveMethodInvocation.java:163) ~[spring-aop-6.2.8.jar:6.2.8]
	at org.springframework.dao.support.PersistenceExceptionTranslationInterceptor.invoke(PersistenceExceptionTranslationInterceptor.java:138) ~[spring-tx-6.2.8.jar:6.2.8]
	at org.springframework.aop.framework.ReflectiveMethodInvocation.proceed(ReflectiveMethodInvocation.java:184) ~[spring-aop-6.2.8.jar:6.2.8]
	at org.springframework.aop.framework.CglibAopProxy$DynamicAdvisedInterceptor.intercept(CglibAopProxy.java:728) ~[spring-aop-6.2.8.jar:6.2.8]
	at com.baro13.readfast.admin.authlog.adapter.out.archive.storage.SqliteStorage$$SpringCGLIB$$0.store(<generated>) ~[main/:na]
	at com.baro13.readfast.admin.authlog.adapter.out.batch.BatchExecutionImpl.executeArchivingBatch(BatchExecutionImpl.java:79) ~[main/:na]
	at com.baro13.readfast.admin.authlog.application.in.ArchivingService.executeArchivingBatch(ArchivingService.java:27) ~[main/:na]
	at com.baro13.readfast.admin.authlog.adapter.in.controller.AuthLogController.executeArchivingBatch(AuthLogController.java:57) ~[main/:na]
	at java.base/jdk.internal.reflect.NativeMethodAccessorImpl.invoke0(Native Method) ~[na:na]
	at java.base/jdk.internal.reflect.NativeMethodAccessorImpl.invoke(NativeMethodAccessorImpl.java:77) ~[na:na]
	at java.base/jdk.internal.reflect.DelegatingMethodAccessorImpl.invoke(DelegatingMethodAccessorImpl.java:43) ~[na:na]
	at java.base/java.lang.reflect.Method.invoke(Method.java:568) ~[na:na]
	at org.springframework.web.method.support.InvocableHandlerMethod.doInvoke(InvocableHandlerMethod.java:258) ~[spring-web-6.2.8.jar:6.2.8]
	at org.springframework.web.method.support.InvocableHandlerMethod.invokeForRequest(InvocableHandlerMethod.java:191) ~[spring-web-6.2.8.jar:6.2.8]
	at org.springframework.web.servlet.mvc.method.annotation.ServletInvocableHandlerMethod.invokeAndHandle(ServletInvocableHandlerMethod.java:118) ~[spring-webmvc-6.2.8.jar:6.2.8]
	at org.springframework.web.servlet.mvc.method.annotation.RequestMappingHandlerAdapter.invokeHandlerMethod(RequestMappingHandlerAdapter.java:986) ~[spring-webmvc-6.2.8.jar:6.2.8]
	at org.springframework.web.servlet.mvc.method.annotation.RequestMappingHandlerAdapter.handleInternal(RequestMappingHandlerAdapter.java:891) ~[spring-webmvc-6.2.8.jar:6.2.8]
	at org.springframework.web.servlet.mvc.method.AbstractHandlerMethodAdapter.handle(AbstractHandlerMethodAdapter.java:87) ~[spring-webmvc-6.2.8.jar:6.2.8]
	at org.springframework.web.servlet.DispatcherServlet.doDispatch(DispatcherServlet.java:1089) ~[spring-webmvc-6.2.8.jar:6.2.8]
	at org.springframework.web.servlet.DispatcherServlet.doService(DispatcherServlet.java:979) ~[spring-webmvc-6.2.8.jar:6.2.8]
	at org.springframework.web.servlet.FrameworkServlet.processRequest(FrameworkServlet.java:1014) ~[spring-webmvc-6.2.8.jar:6.2.8]
	at org.springframework.web.servlet.FrameworkServlet.doGet(FrameworkServlet.java:903) ~[spring-webmvc-6.2.8.jar:6.2.8]
	at jakarta.servlet.http.HttpServlet.service(HttpServlet.java:564) ~[tomcat-embed-core-10.1.42.jar:6.0]
	at org.springframework.web.servlet.FrameworkServlet.service(FrameworkServlet.java:885) ~[spring-webmvc-6.2.8.jar:6.2.8]
	at jakarta.servlet.http.HttpServlet.service(HttpServlet.java:658) ~[tomcat-embed-core-10.1.42.jar:6.0]
	at org.apache.catalina.core.ApplicationFilterChain.internalDoFilter(ApplicationFilterChain.java:195) ~[tomcat-embed-core-10.1.42.jar:10.1.42]
	at org.apache.catalina.core.ApplicationFilterChain.doFilter(ApplicationFilterChain.java:140) ~[tomcat-embed-core-10.1.42.jar:10.1.42]
	at org.apache.tomcat.websocket.server.WsFilter.doFilter(WsFilter.java:51) ~[tomcat-embed-websocket-10.1.42.jar:10.1.42]
	at org.apache.catalina.core.ApplicationFilterChain.internalDoFilter(ApplicationFilterChain.java:164) ~[tomcat-embed-core-10.1.42.jar:10.1.42]
	at org.apache.catalina.core.ApplicationFilterChain.doFilter(ApplicationFilterChain.java:140) ~[tomcat-embed-core-10.1.42.jar:10.1.42]
	at org.springframework.web.filter.RequestContextFilter.doFilterInternal(RequestContextFilter.java:100) ~[spring-web-6.2.8.jar:6.2.8]
	at org.springframework.web.filter.OncePerRequestFilter.doFilter(OncePerRequestFilter.java:116) ~[spring-web-6.2.8.jar:6.2.8]
	at org.apache.catalina.core.ApplicationFilterChain.internalDoFilter(ApplicationFilterChain.java:164) ~[tomcat-embed-core-10.1.42.jar:10.1.42]
	at org.apache.catalina.core.ApplicationFilterChain.doFilter(ApplicationFilterChain.java:140) ~[tomcat-embed-core-10.1.42.jar:10.1.42]
	at org.springframework.web.filter.FormContentFilter.doFilterInternal(FormContentFilter.java:93) ~[spring-web-6.2.8.jar:6.2.8]
	at org.springframework.web.filter.OncePerRequestFilter.doFilter(OncePerRequestFilter.java:116) ~[spring-web-6.2.8.jar:6.2.8]
	at org.apache.catalina.core.ApplicationFilterChain.internalDoFilter(ApplicationFilterChain.java:164) ~[tomcat-embed-core-10.1.42.jar:10.1.42]
	at org.apache.catalina.core.ApplicationFilterChain.doFilter(ApplicationFilterChain.java:140) ~[tomcat-embed-core-10.1.42.jar:10.1.42]
	at org.springframework.web.filter.CharacterEncodingFilter.doFilterInternal(CharacterEncodingFilter.java:201) ~[spring-web-6.2.8.jar:6.2.8]
	at org.springframework.web.filter.OncePerRequestFilter.doFilter(OncePerRequestFilter.java:116) ~[spring-web-6.2.8.jar:6.2.8]
	at org.apache.catalina.core.ApplicationFilterChain.internalDoFilter(ApplicationFilterChain.java:164) ~[tomcat-embed-core-10.1.42.jar:10.1.42]
	at org.apache.catalina.core.ApplicationFilterChain.doFilter(ApplicationFilterChain.java:140) ~[tomcat-embed-core-10.1.42.jar:10.1.42]
	at org.apache.catalina.core.StandardWrapperValve.invoke(StandardWrapperValve.java:167) ~[tomcat-embed-core-10.1.42.jar:10.1.42]
	at org.apache.catalina.core.StandardContextValve.invoke(StandardContextValve.java:90) ~[tomcat-embed-core-10.1.42.jar:10.1.42]
	at org.apache.catalina.authenticator.AuthenticatorBase.invoke(AuthenticatorBase.java:483) ~[tomcat-embed-core-10.1.42.jar:10.1.42]
	at org.apache.catalina.core.StandardHostValve.invoke(StandardHostValve.java:116) ~[tomcat-embed-core-10.1.42.jar:10.1.42]
	at org.apache.catalina.valves.ErrorReportValve.invoke(ErrorReportValve.java:93) ~[tomcat-embed-core-10.1.42.jar:10.1.42]
	at org.apache.catalina.core.StandardEngineValve.invoke(StandardEngineValve.java:74) ~[tomcat-embed-core-10.1.42.jar:10.1.42]
	at org.apache.catalina.connector.CoyoteAdapter.service(CoyoteAdapter.java:344) ~[tomcat-embed-core-10.1.42.jar:10.1.42]
	at org.apache.coyote.http11.Http11Processor.service(Http11Processor.java:398) ~[tomcat-embed-core-10.1.42.jar:10.1.42]
	at org.apache.coyote.AbstractProcessorLight.process(AbstractProcessorLight.java:63) ~[tomcat-embed-core-10.1.42.jar:10.1.42]
	at org.apache.coyote.AbstractProtocol$ConnectionHandler.process(AbstractProtocol.java:903) ~[tomcat-embed-core-10.1.42.jar:10.1.42]
	at org.apache.tomcat.util.net.NioEndpoint$SocketProcessor.doRun(NioEndpoint.java:1769) ~[tomcat-embed-core-10.1.42.jar:10.1.42]
	at org.apache.tomcat.util.net.SocketProcessorBase.run(SocketProcessorBase.java:52) ~[tomcat-embed-core-10.1.42.jar:10.1.42]
	at org.apache.tomcat.util.threads.ThreadPoolExecutor.runWorker(ThreadPoolExecutor.java:1189) ~[tomcat-embed-core-10.1.42.jar:10.1.42]
	at org.apache.tomcat.util.threads.ThreadPoolExecutor$Worker.run(ThreadPoolExecutor.java:658) ~[tomcat-embed-core-10.1.42.jar:10.1.42]
	at org.apache.tomcat.util.threads.TaskThread$WrappingRunnable.run(TaskThread.java:63) ~[tomcat-embed-core-10.1.42.jar:10.1.42]
	at java.base/java.lang.Thread.run(Thread.java:840) ~[na:na]
Caused by: org.sqlite.SQLiteException: [SQLITE_CONSTRAINT_PRIMARYKEY] A PRIMARY KEY constraint failed (UNIQUE constraint failed: auth_log.id)
	at org.sqlite.core.DB.newSQLException(DB.java:1179) ~[sqlite-jdbc-3.43.2.2.jar:na]
	at org.sqlite.core.DB.newSQLException(DB.java:1190) ~[sqlite-jdbc-3.43.2.2.jar:na]
	at org.sqlite.core.DB.throwex(DB.java:1150) ~[sqlite-jdbc-3.43.2.2.jar:na]
	at org.sqlite.core.DB.executeBatch(DB.java:951) ~[sqlite-jdbc-3.43.2.2.jar:na]
	at org.sqlite.core.DB.lambda$executeBatch$0(DB.java:916) ~[sqlite-jdbc-3.43.2.2.jar:na]
	at org.sqlite.core.SafeStmtPtr.safeRun(SafeStmtPtr.java:128) ~[sqlite-jdbc-3.43.2.2.jar:na]
	at org.sqlite.core.DB.executeBatch(DB.java:916) ~[sqlite-jdbc-3.43.2.2.jar:na]
	at org.sqlite.core.CorePreparedStatement.lambda$executeLargeBatch$1(CorePreparedStatement.java:76) ~[sqlite-jdbc-3.43.2.2.jar:na]
	at org.sqlite.jdbc3.JDBC3Statement.withConnectionTimeout(JDBC3Statement.java:459) ~[sqlite-jdbc-3.43.2.2.jar:na]
	at org.sqlite.core.CorePreparedStatement.executeLargeBatch(CorePreparedStatement.java:72) ~[sqlite-jdbc-3.43.2.2.jar:na]
	at org.sqlite.core.CorePreparedStatement.executeBatch(CorePreparedStatement.java:58) ~[sqlite-jdbc-3.43.2.2.jar:na]
	at com.baro13.readfast.admin.authlog.adapter.out.archive.storage.SqliteStorage.store(SqliteStorage.java:94) ~[main/:na]
	... 64 common frames omitted

[2m2025-07-22T17:13:45.611+09:00[0;39m [32m INFO[0;39m [35m90979[0;39m [2m--- [nio-8080-exec-5] [0;39m[36mc.b.r.a.a.a.in.ArchivingService         [0;39m [2m:[0;39m 아카이빙 배치 서비스 실행 완료. 성공: false, 처리건수: 0
[2m2025-07-22T17:13:45.611+09:00[0;39m [31mERROR[0;39m [35m90979[0;39m [2m--- [nio-8080-exec-5] [0;39m[36mc.b.r.a.a.a.i.c.AuthLogController       [0;39m [2m:[0;39m 수동 아카이빙 배치 실패: 스토리지 저장 실패: SQLite 데이터 저장 중 오류 발생

> Task :bootRun FAILED

FAILURE: Build failed with an exception.

* What went wrong:
Execution failed for task ':bootRun'.
> Process 'command '/Users/seongmin/Library/Java/JavaVirtualMachines/corretto-17.0.9/Contents/Home/bin/java'' finished with non-zero exit value 137

* Try:
> Run with --stacktrace option to get the stack trace.
> Run with --info or --debug option to get more log output.
> Run with --scan to get full insights.
> Get more help at https://help.gradle.org.

BUILD FAILED in 3m 50s
4 actionable tasks: 1 executed, 3 up-to-date
